<?xml version="1.0" encoding="UTF-8"?>
<!-- Generated by org.testng.reporters.JUnitReportReporter -->
<testsuite hostname="DESKTOP-PRE7F32" failures="0" tests="1" name="DemoProject.MyTestClass" time="0.019" errors="0" timestamp="2023-08-09T22:12:57 IST" skipped="0">
  <testcase classname="DemoProject.MyTestClass" name="test" time="0.019"/>
</testsuite> <!-- DemoProject.MyTestClass -->
